Using pre-set license
Built from '2020.3/staging' branch; Version is '2020.3.8f1 (507919d4fff5) revision 5273881'; Using compiler version '192528614'; Build Type 'Release'
OS: 'Windows 10 Home Single Language; OS build 19042.985; Version 2009; 64bit' Language: 'en' Physical Memory: 16191 MB
BatchMode: 1, IsHumanControllingUs: 0, StartBugReporterOnCrash: 0, Is64bit: 1, IsPro: 0

 COMMAND LINE ARGUMENTS:
C:\Program Files\Unity\Hub\Editor\2020.3.8f1\Editor\Unity.exe
-adb2
-batchMode
-noUpm
-name
AssetImportWorker0
-projectPath
C:/Users/Abhijit/Projects/public_projects/Everest
-logFile
Logs/AssetImportWorker0.log
-srvPort
56227
Successfully changed project path to: C:/Users/Abhijit/Projects/public_projects/Everest
C:/Users/Abhijit/Projects/public_projects/Everest
Using Asset Import Pipeline V2.
Refreshing native plugins compatible for Editor in 78.49 ms, found 1 plugins.
Preloading 0 native plugins for Editor in 0.00 ms.
Initialize engine version: 2020.3.8f1 (507919d4fff5)
[Subsystems] Discovering subsystems at path C:/Program Files/Unity/Hub/Editor/2020.3.8f1/Editor/Data/Resources/UnitySubsystems
[Subsystems] Discovering subsystems at path C:/Users/Abhijit/Projects/public_projects/Everest/Assets
GfxDevice: creating device client; threaded=0
Direct3D:
    Version:  Direct3D 11.0 [level 11.1]
    Renderer: AMD Radeon(TM) RX Vega 10 Graphics (ID=0x15d8)
    Vendor:   
    VRAM:     8095 MB
    Driver:   27.20.1032.2
Initialize mono
Mono path[0] = 'C:/Program Files/Unity/Hub/Editor/2020.3.8f1/Editor/Data/Managed'
Mono path[1] = 'C:/Program Files/Unity/Hub/Editor/2020.3.8f1/Editor/Data/MonoBleedingEdge/lib/mono/unityjit'
Mono config path = 'C:/Program Files/Unity/Hub/Editor/2020.3.8f1/Editor/Data/MonoBleedingEdge/etc'
Using monoOptions --debugger-agent=transport=dt_socket,embedding=1,server=y,suspend=n,address=127.0.0.1:56192
Begin MonoManager ReloadAssembly
Registering precompiled unity dll's ...
Register platform support module: C:/Program Files/Unity/Hub/Editor/2020.3.8f1/Editor/Data/PlaybackEngines/WindowsStandaloneSupport/UnityEditor.WindowsStandalone.Extensions.dll
Registered in 0.002651 seconds.
Native extension for WindowsStandalone target not found
Refreshing native plugins compatible for Editor in 54.10 ms, found 1 plugins.
Preloading 0 native plugins for Editor in 0.00 ms.
Mono: successfully reloaded assembly
- Completed reload, in  2.381 seconds
Platform modules already initialized, skipping
Registering precompiled user dll's ...
Registered in 0.001637 seconds.
Begin MonoManager ReloadAssembly
Native extension for WindowsStandalone target not found
Refreshing native plugins compatible for Editor in 60.29 ms, found 1 plugins.
Preloading 0 native plugins for Editor in 0.00 ms.
Mono: successfully reloaded assembly
- Completed reload, in  1.595 seconds
Platform modules already initialized, skipping
========================================================================
Worker process is ready to serve import requests
Launched and connected shader compiler UnityShaderCompiler.exe after 0.06 seconds
Refreshing native plugins compatible for Editor in 0.56 ms, found 1 plugins.
Preloading 0 native plugins for Editor in 0.00 ms.
Unloading 1808 Unused Serialized files (Serialized files now loaded: 0)
System memory in use before: 85.1 MB.
System memory in use after: 85.1 MB.

Unloading 24 unused Assets to reduce memory usage. Loaded Objects now: 2250.
Total: 3.572000 ms (FindLiveObjects: 0.403500 ms CreateObjectMapping: 0.208600 ms MarkObjects: 2.798400 ms  DeleteObjects: 0.159400 ms)

========================================================================
Received Import Request.
  path: Assets/BayatGames/Free Platform Game Assets/Demo/Demo.unity
  artifactKey: Guid(c141d24673958bb44b780d361745cca7) Importer(815301076,1909f56bfc062723c751e8b465ee728b)
Start importing Assets/BayatGames/Free Platform Game Assets/Demo/Demo.unity using Guid(c141d24673958bb44b780d361745cca7) Importer(815301076,1909f56bfc062723c751e8b465ee728b)  -> (artifact id: '794d318d07dd61dcae50766152dc4c23') in 0.026270 seconds
  Import took 0.030650 seconds .

========================================================================
Received Import Request.
  Time since last request: 59.650248 seconds.
  path: Assets/Scenes/SampleScene.unity
  artifactKey: Guid(2cda990e2423bbf4892e6590ba056729) Importer(815301076,1909f56bfc062723c751e8b465ee728b)
Start importing Assets/Scenes/SampleScene.unity using Guid(2cda990e2423bbf4892e6590ba056729) Importer(815301076,1909f56bfc062723c751e8b465ee728b)  -> (artifact id: 'aa27944bdea339c97c39027c7eea529c') in 0.011842 seconds
  Import took 0.016581 seconds .

========================================================================
Received Import Request.
  Time since last request: 63.188130 seconds.
  path: Assets/BayatGames/Free Platform Game Assets/Tiles/2D Tiles ( Update 1.9 )/Winter/512x512/Grass.png
  artifactKey: Guid(a50c02fd9bd8995489907357331e744d) Importer(815301076,1909f56bfc062723c751e8b465ee728b)
Start importing Assets/BayatGames/Free Platform Game Assets/Tiles/2D Tiles ( Update 1.9 )/Winter/512x512/Grass.png using Guid(a50c02fd9bd8995489907357331e744d) Importer(815301076,1909f56bfc062723c751e8b465ee728b)  -> (artifact id: 'f42d8aa395e01e9e8258379e59f7e4b5') in 0.108170 seconds
  Import took 0.112228 seconds .

========================================================================
Received Import Request.
  Time since last request: 0.000243 seconds.
  path: Assets/BayatGames/Free Platform Game Assets/Tiles/2D Tiles ( Update 1.9 )/Winter/512x512/GrassHillRight2.png
  artifactKey: Guid(879cf7757ee78bb4d80b42fdce0a0301) Importer(815301076,1909f56bfc062723c751e8b465ee728b)
Start importing Assets/BayatGames/Free Platform Game Assets/Tiles/2D Tiles ( Update 1.9 )/Winter/512x512/GrassHillRight2.png using Guid(879cf7757ee78bb4d80b42fdce0a0301) Importer(815301076,1909f56bfc062723c751e8b465ee728b)  -> (artifact id: '08c8b58643eba06f4e352becd0c46f10') in 0.017479 seconds
  Import took 0.021354 seconds .

========================================================================
Received Import Request.
  Time since last request: 0.000254 seconds.
  path: Assets/BayatGames/Free Platform Game Assets/Tiles/2D Tiles ( Update 1.9 )/Winter/512x512/GrassJoinHillLeft.png
  artifactKey: Guid(330a2a92fc777c5469a91cfd8d2d8518) Importer(815301076,1909f56bfc062723c751e8b465ee728b)
Start importing Assets/BayatGames/Free Platform Game Assets/Tiles/2D Tiles ( Update 1.9 )/Winter/512x512/GrassJoinHillLeft.png using Guid(330a2a92fc777c5469a91cfd8d2d8518) Importer(815301076,1909f56bfc062723c751e8b465ee728b)  -> (artifact id: 'bfe492ac2002dabea5c230b1709bd958') in 0.031224 seconds
  Import took 0.035160 seconds .

========================================================================
Received Import Request.
  Time since last request: 0.000223 seconds.
  path: Assets/BayatGames/Free Platform Game Assets/Tiles/2D Tiles ( Update 1.9 )/Winter/512x512/GrassMid.png
  artifactKey: Guid(97f55587e72b8b449bc47bdb9cbd0e7b) Importer(815301076,1909f56bfc062723c751e8b465ee728b)
Start importing Assets/BayatGames/Free Platform Game Assets/Tiles/2D Tiles ( Update 1.9 )/Winter/512x512/GrassMid.png using Guid(97f55587e72b8b449bc47bdb9cbd0e7b) Importer(815301076,1909f56bfc062723c751e8b465ee728b)  -> (artifact id: 'ae2385b91bc9fd5569482fdc6db1c48a') in 0.023831 seconds
  Import took 0.027556 seconds .

========================================================================
Received Import Request.
  Time since last request: 0.000258 seconds.
  path: Assets/BayatGames/Free Platform Game Assets/Tiles/2D Tiles ( Update 1.9 )/Winter/512x512/GrassCliffLeft.png
  artifactKey: Guid(d8b421d5028ae0a4ab42068af1b3d2d2) Importer(815301076,1909f56bfc062723c751e8b465ee728b)
Start importing Assets/BayatGames/Free Platform Game Assets/Tiles/2D Tiles ( Update 1.9 )/Winter/512x512/GrassCliffLeft.png using Guid(d8b421d5028ae0a4ab42068af1b3d2d2) Importer(815301076,1909f56bfc062723c751e8b465ee728b)  -> (artifact id: 'c26fc362f8babafa9f4298d628b2cdb1') in 0.022816 seconds
  Import took 0.026798 seconds .

========================================================================
Received Import Request.
  Time since last request: 0.000309 seconds.
  path: Assets/BayatGames/Free Platform Game Assets/Tiles/2D Tiles ( Update 1.9 )/Winter/512x512/GrassHillRight2 DownShadow.png
  artifactKey: Guid(1a2ffddc7bb742649a794bb1b55fb9b9) Importer(815301076,1909f56bfc062723c751e8b465ee728b)
Start importing Assets/BayatGames/Free Platform Game Assets/Tiles/2D Tiles ( Update 1.9 )/Winter/512x512/GrassHillRight2 DownShadow.png using Guid(1a2ffddc7bb742649a794bb1b55fb9b9) Importer(815301076,1909f56bfc062723c751e8b465ee728b)  -> (artifact id: '712775d8c14aa572c5674187d796682a') in 0.024177 seconds
  Import took 0.027736 seconds .

========================================================================
Received Import Request.
  Time since last request: 0.000277 seconds.
  path: Assets/BayatGames/Free Platform Game Assets/Tiles/2D Tiles ( Update 1.9 )/Winter/512x512/GrassLeft.png
  artifactKey: Guid(b7ef88e1e1b4cc44baeffbbff3790d8e) Importer(815301076,1909f56bfc062723c751e8b465ee728b)
Start importing Assets/BayatGames/Free Platform Game Assets/Tiles/2D Tiles ( Update 1.9 )/Winter/512x512/GrassLeft.png using Guid(b7ef88e1e1b4cc44baeffbbff3790d8e) Importer(815301076,1909f56bfc062723c751e8b465ee728b)  -> (artifact id: '55055865db2f30c166f8b50da06b7c21') in 0.023927 seconds
  Import took 0.027760 seconds .

========================================================================
Received Import Request.
  Time since last request: 0.000221 seconds.
  path: Assets/BayatGames/Free Platform Game Assets/Tiles/2D Tiles ( Update 1.9 )/Winter/512x512/GrassHillLeft.png
  artifactKey: Guid(86b3d009a1616f3498322ddbb2f5a4e8) Importer(815301076,1909f56bfc062723c751e8b465ee728b)
Start importing Assets/BayatGames/Free Platform Game Assets/Tiles/2D Tiles ( Update 1.9 )/Winter/512x512/GrassHillLeft.png using Guid(86b3d009a1616f3498322ddbb2f5a4e8) Importer(815301076,1909f56bfc062723c751e8b465ee728b)  -> (artifact id: 'b61d5b0d0d7c41847b6b1d94d44d32cc') in 0.026462 seconds
  Import took 0.029999 seconds .

========================================================================
Received Import Request.
  Time since last request: 0.000268 seconds.
  path: Assets/BayatGames/Free Platform Game Assets/Tiles/2D Tiles ( Update 1.9 )/Winter/512x512/GrassJoinHillRight.png
  artifactKey: Guid(20e4afa497b9d4c41a08d9e27c379cff) Importer(815301076,1909f56bfc062723c751e8b465ee728b)
Start importing Assets/BayatGames/Free Platform Game Assets/Tiles/2D Tiles ( Update 1.9 )/Winter/512x512/GrassJoinHillRight.png using Guid(20e4afa497b9d4c41a08d9e27c379cff) Importer(815301076,1909f56bfc062723c751e8b465ee728b)  -> (artifact id: '454689671ec36a2d813262bd74525a54') in 0.024918 seconds
  Import took 0.029600 seconds .

========================================================================
Received Import Request.
  Time since last request: 0.000293 seconds.
  path: Assets/BayatGames/Free Platform Game Assets/Tiles/2D Tiles ( Update 1.9 )/Winter/512x512/GrassJoinHillRight2.png
  artifactKey: Guid(3fe5c99ec784e204a92e4e9cd1347a12) Importer(815301076,1909f56bfc062723c751e8b465ee728b)
Start importing Assets/BayatGames/Free Platform Game Assets/Tiles/2D Tiles ( Update 1.9 )/Winter/512x512/GrassJoinHillRight2.png using Guid(3fe5c99ec784e204a92e4e9cd1347a12) Importer(815301076,1909f56bfc062723c751e8b465ee728b)  -> (artifact id: 'c88324a6683caaca38d1f21917e60274') in 0.023008 seconds
  Import took 0.027022 seconds .

========================================================================
Received Import Request.
  Time since last request: 0.000219 seconds.
  path: Assets/BayatGames/Free Platform Game Assets/Tiles/2D Tiles ( Update 1.9 )/Winter/512x512/GrassJoinHillRight2&Left2 DownShadow.png
  artifactKey: Guid(42583aabc6cbcf444b9f60cc030e60d8) Importer(815301076,1909f56bfc062723c751e8b465ee728b)
Start importing Assets/BayatGames/Free Platform Game Assets/Tiles/2D Tiles ( Update 1.9 )/Winter/512x512/GrassJoinHillRight2&Left2 DownShadow.png using Guid(42583aabc6cbcf444b9f60cc030e60d8) Importer(815301076,1909f56bfc062723c751e8b465ee728b)  -> (artifact id: '6f22796f2e1bd2b602e21bd94424d515') in 0.023422 seconds
  Import took 0.027408 seconds .

========================================================================
Received Import Request.
  Time since last request: 0.000273 seconds.
  path: Assets/BayatGames/Free Platform Game Assets/Tiles/2D Tiles ( Update 1.9 )/Winter/512x512/GrassJoinHillRight&Left.png
  artifactKey: Guid(2980408b5c71ac34bb788f8f0e851080) Importer(815301076,1909f56bfc062723c751e8b465ee728b)
Start importing Assets/BayatGames/Free Platform Game Assets/Tiles/2D Tiles ( Update 1.9 )/Winter/512x512/GrassJoinHillRight&Left.png using Guid(2980408b5c71ac34bb788f8f0e851080) Importer(815301076,1909f56bfc062723c751e8b465ee728b)  -> (artifact id: '462f082053e8a1196109e485bde4e45a') in 0.021217 seconds
  Import took 0.024565 seconds .

========================================================================
Received Import Request.
  Time since last request: 0.000246 seconds.
  path: Assets/BayatGames/Free Platform Game Assets/Tiles/2D Tiles ( Update 1.9 )/Winter/512x512/GrassCliffMid.png
  artifactKey: Guid(6ad6326690afff74ebd1442826cd21d9) Importer(815301076,1909f56bfc062723c751e8b465ee728b)
Start importing Assets/BayatGames/Free Platform Game Assets/Tiles/2D Tiles ( Update 1.9 )/Winter/512x512/GrassCliffMid.png using Guid(6ad6326690afff74ebd1442826cd21d9) Importer(815301076,1909f56bfc062723c751e8b465ee728b)  -> (artifact id: 'aa5f5dc091970b61044a53054b11fd0d') in 0.019481 seconds
  Import took 0.023271 seconds .

========================================================================
Received Import Request.
  Time since last request: 0.000207 seconds.
  path: Assets/BayatGames/Free Platform Game Assets/Tiles/2D Tiles ( Update 1.9 )/Winter/512x512/GrassJoinHillRight2&Left2.png
  artifactKey: Guid(2a6815aa22ddf824db467d7bab51296f) Importer(815301076,1909f56bfc062723c751e8b465ee728b)
Start importing Assets/BayatGames/Free Platform Game Assets/Tiles/2D Tiles ( Update 1.9 )/Winter/512x512/GrassJoinHillRight2&Left2.png using Guid(2a6815aa22ddf824db467d7bab51296f) Importer(815301076,1909f56bfc062723c751e8b465ee728b)  -> (artifact id: '3162810cffa4d8a3a68df066eb1b357a') in 0.021007 seconds
  Import took 0.024853 seconds .

========================================================================
Received Import Request.
  Time since last request: 0.000225 seconds.
  path: Assets/BayatGames/Free Platform Game Assets/Tiles/2D Tiles ( Update 1.9 )/Winter/512x512/GrassHillLeft2 DownShadow.png
  artifactKey: Guid(c30adfea0cc314340ace0323338056ea) Importer(815301076,1909f56bfc062723c751e8b465ee728b)
Start importing Assets/BayatGames/Free Platform Game Assets/Tiles/2D Tiles ( Update 1.9 )/Winter/512x512/GrassHillLeft2 DownShadow.png using Guid(c30adfea0cc314340ace0323338056ea) Importer(815301076,1909f56bfc062723c751e8b465ee728b)  -> (artifact id: '26a100bd15ac6fcf02612f31c09f67b4') in 0.021239 seconds
  Import took 0.025325 seconds .

========================================================================
Received Import Request.
  Time since last request: 0.000252 seconds.
  path: Assets/BayatGames/Free Platform Game Assets/Tiles/2D Tiles ( Update 1.9 )/Winter/512x512/GrassColumn.png
  artifactKey: Guid(a6dbf81ffcb791447836dcaba1b1f603) Importer(815301076,1909f56bfc062723c751e8b465ee728b)
Start importing Assets/BayatGames/Free Platform Game Assets/Tiles/2D Tiles ( Update 1.9 )/Winter/512x512/GrassColumn.png using Guid(a6dbf81ffcb791447836dcaba1b1f603) Importer(815301076,1909f56bfc062723c751e8b465ee728b)  -> (artifact id: '44c7e76138b7524ec8d2e4f01f250c7d') in 0.026091 seconds
  Import took 0.030397 seconds .

========================================================================
Received Import Request.
  Time since last request: 0.000267 seconds.
  path: Assets/BayatGames/Free Platform Game Assets/Tiles/2D Tiles ( Update 1.9 )/Winter/512x512/GrassJoinHillRight2 DownShadow.png
  artifactKey: Guid(03f3d918dc318a7499f880d93427bbda) Importer(815301076,1909f56bfc062723c751e8b465ee728b)
Start importing Assets/BayatGames/Free Platform Game Assets/Tiles/2D Tiles ( Update 1.9 )/Winter/512x512/GrassJoinHillRight2 DownShadow.png using Guid(03f3d918dc318a7499f880d93427bbda) Importer(815301076,1909f56bfc062723c751e8b465ee728b)  -> (artifact id: '6d1c7269eb75f9d90f64c3c2c0321533') in 0.019464 seconds
  Import took 0.023141 seconds .

========================================================================
Received Import Request.
  Time since last request: 0.000254 seconds.
  path: Assets/BayatGames/Free Platform Game Assets/Tiles/2D Tiles ( Update 1.9 )/Winter/512x512/GrassRight.png
  artifactKey: Guid(3d9067b7e2c201c4e808a188babb47f2) Importer(815301076,1909f56bfc062723c751e8b465ee728b)
Start importing Assets/BayatGames/Free Platform Game Assets/Tiles/2D Tiles ( Update 1.9 )/Winter/512x512/GrassRight.png using Guid(3d9067b7e2c201c4e808a188babb47f2) Importer(815301076,1909f56bfc062723c751e8b465ee728b)  -> (artifact id: 'd4472e33bfb5a39f259d54e429282382') in 0.024983 seconds
  Import took 0.029088 seconds .

========================================================================
Received Import Request.
  Time since last request: 0.000249 seconds.
  path: Assets/BayatGames/Free Platform Game Assets/Tiles/2D Tiles ( Update 1.9 )/Winter/512x512/GrassHillLeft2.png
  artifactKey: Guid(fe7fd6c782623c9488f3798d8ee97903) Importer(815301076,1909f56bfc062723c751e8b465ee728b)
Start importing Assets/BayatGames/Free Platform Game Assets/Tiles/2D Tiles ( Update 1.9 )/Winter/512x512/GrassHillLeft2.png using Guid(fe7fd6c782623c9488f3798d8ee97903) Importer(815301076,1909f56bfc062723c751e8b465ee728b)  -> (artifact id: '377f06ac4cf2d04d4857ead3c8e90a53') in 0.024759 seconds
  Import took 0.028309 seconds .

========================================================================
Received Import Request.
  Time since last request: 0.000263 seconds.
  path: Assets/BayatGames/Free Platform Game Assets/Tiles/2D Tiles ( Update 1.9 )/Winter/512x512/GrassJoinHillLeft2.png
  artifactKey: Guid(5075760a251def3409dcab8a0793633d) Importer(815301076,1909f56bfc062723c751e8b465ee728b)
Start importing Assets/BayatGames/Free Platform Game Assets/Tiles/2D Tiles ( Update 1.9 )/Winter/512x512/GrassJoinHillLeft2.png using Guid(5075760a251def3409dcab8a0793633d) Importer(815301076,1909f56bfc062723c751e8b465ee728b)  -> (artifact id: 'd96a905e751a070a912c078ab88de598') in 0.021640 seconds
  Import took 0.026026 seconds .

========================================================================
Received Import Request.
  Time since last request: 0.000219 seconds.
  path: Assets/BayatGames/Free Platform Game Assets/Tiles/2D Tiles ( Update 1.9 )/Winter/512x512/GrassHillRight.png
  artifactKey: Guid(cdc2a0deb21ef6e45905fa1709300512) Importer(815301076,1909f56bfc062723c751e8b465ee728b)
Start importing Assets/BayatGames/Free Platform Game Assets/Tiles/2D Tiles ( Update 1.9 )/Winter/512x512/GrassHillRight.png using Guid(cdc2a0deb21ef6e45905fa1709300512) Importer(815301076,1909f56bfc062723c751e8b465ee728b)  -> (artifact id: 'ccc58ff9012aa382c5e8590e21c10345') in 0.023195 seconds
  Import took 0.027003 seconds .

========================================================================
Received Import Request.
  Time since last request: 0.000235 seconds.
  path: Assets/BayatGames/Free Platform Game Assets/Tiles/2D Tiles ( Update 1.9 )/Winter/512x512/GrassCliffRight.png
  artifactKey: Guid(346433fae2ab3b341be0b9c3770bce50) Importer(815301076,1909f56bfc062723c751e8b465ee728b)
Start importing Assets/BayatGames/Free Platform Game Assets/Tiles/2D Tiles ( Update 1.9 )/Winter/512x512/GrassCliffRight.png using Guid(346433fae2ab3b341be0b9c3770bce50) Importer(815301076,1909f56bfc062723c751e8b465ee728b)  -> (artifact id: 'f979accd16d0f02c8dc6daecdb49e358') in 0.020491 seconds
  Import took 0.024424 seconds .

========================================================================
Received Import Request.
  Time since last request: 0.000213 seconds.
  path: Assets/BayatGames/Free Platform Game Assets/Tiles/2D Tiles ( Update 1.9 )/Winter/512x512/GrassJoinHillLeft2 DownShadow.png
  artifactKey: Guid(59816de6d00735346b0275e7bffd34c2) Importer(815301076,1909f56bfc062723c751e8b465ee728b)
Start importing Assets/BayatGames/Free Platform Game Assets/Tiles/2D Tiles ( Update 1.9 )/Winter/512x512/GrassJoinHillLeft2 DownShadow.png using Guid(59816de6d00735346b0275e7bffd34c2) Importer(815301076,1909f56bfc062723c751e8b465ee728b)  -> (artifact id: 'a378ce706b8abe45bec99522fb7bb5f8') in 0.021520 seconds
  Import took 0.024953 seconds .

========================================================================
Received Import Request.
  Time since last request: 192.800056 seconds.
  path: Assets/BayatGames/Free Platform Game Assets/Backgrounds/Background/png/1920x1080/Background/Background.png
  artifactKey: Guid(a52c61e4d863eb24eb1a6cec742bd3ff) Importer(815301076,1909f56bfc062723c751e8b465ee728b)
Start importing Assets/BayatGames/Free Platform Game Assets/Backgrounds/Background/png/1920x1080/Background/Background.png using Guid(a52c61e4d863eb24eb1a6cec742bd3ff) Importer(815301076,1909f56bfc062723c751e8b465ee728b)  -> (artifact id: 'ee94a43253b340af8dc0a943a048a16c') in 0.023057 seconds
  Import took 0.026889 seconds .

========================================================================
Received Import Request.
  Time since last request: 0.000872 seconds.
  path: Assets/BayatGames/Free Platform Game Assets/Backgrounds/Background/png/1920x1080/Background/Background.png
  artifactKey: Guid(a52c61e4d863eb24eb1a6cec742bd3ff) Importer(815301076,1909f56bfc062723c751e8b465ee728b)
Start importing Assets/BayatGames/Free Platform Game Assets/Backgrounds/Background/png/1920x1080/Background/Background.png using Guid(a52c61e4d863eb24eb1a6cec742bd3ff) Importer(815301076,1909f56bfc062723c751e8b465ee728b)  -> (artifact id: 'ee94a43253b340af8dc0a943a048a16c') in 0.011251 seconds
  Import took 0.014769 seconds .

========================================================================
Received Import Request.
  Time since last request: 122.629327 seconds.
  path: ProjectSettings/TagManager.asset
  artifactKey: Guid(00000000000000003000000000000000) Importer(815301076,1909f56bfc062723c751e8b465ee728b)
Start importing ProjectSettings/TagManager.asset using Guid(00000000000000003000000000000000) Importer(815301076,1909f56bfc062723c751e8b465ee728b)  -> (artifact id: '95df672b4aaba54310d34c83eef51bb8') in 0.013127 seconds
  Import took 0.016656 seconds .

========================================================================
Received Import Request.
  Time since last request: 438.842120 seconds.
  path: Assets/BayatGames/Free Platform Game Assets/Coin Animation/png/2x/image 1.png
  artifactKey: Guid(284a590648cd2624cbd085c4f1627465) Importer(815301076,1909f56bfc062723c751e8b465ee728b)
Start importing Assets/BayatGames/Free Platform Game Assets/Coin Animation/png/2x/image 1.png using Guid(284a590648cd2624cbd085c4f1627465) Importer(815301076,1909f56bfc062723c751e8b465ee728b)  -> (artifact id: 'a564ac8255823cba0b0d9ab265bb05be') in 0.024496 seconds
  Import took 0.028241 seconds .

========================================================================
Received Import Request.
  Time since last request: 0.003588 seconds.
  path: Assets/BayatGames/Free Platform Game Assets/Coin Animation/png/2x/image 1.png
  artifactKey: Guid(284a590648cd2624cbd085c4f1627465) Importer(815301076,1909f56bfc062723c751e8b465ee728b)
Start importing Assets/BayatGames/Free Platform Game Assets/Coin Animation/png/2x/image 1.png using Guid(284a590648cd2624cbd085c4f1627465) Importer(815301076,1909f56bfc062723c751e8b465ee728b)  -> (artifact id: 'a564ac8255823cba0b0d9ab265bb05be') in 0.016207 seconds
  Import took 0.020624 seconds .

========================================================================
Received Import Request.
  Time since last request: 1.196989 seconds.
  path: Assets/BayatGames/Free Platform Game Assets/Coin Animation/png/2x/image 2.png
  artifactKey: Guid(49b76ee0d3655ee4c8402582c1c02c93) Importer(815301076,1909f56bfc062723c751e8b465ee728b)
Start importing Assets/BayatGames/Free Platform Game Assets/Coin Animation/png/2x/image 2.png using Guid(49b76ee0d3655ee4c8402582c1c02c93) Importer(815301076,1909f56bfc062723c751e8b465ee728b)  -> (artifact id: 'd5ad45c7dd88345343fe5a729050cd96') in 0.019568 seconds
  Import took 0.023138 seconds .

========================================================================
Received Import Request.
  Time since last request: 0.354146 seconds.
  path: Assets/BayatGames/Free Platform Game Assets/Coin Animation/png/2x/image 4.png
  artifactKey: Guid(829702d123e43a54c80bc02a11288a82) Importer(815301076,1909f56bfc062723c751e8b465ee728b)
Start importing Assets/BayatGames/Free Platform Game Assets/Coin Animation/png/2x/image 4.png using Guid(829702d123e43a54c80bc02a11288a82) Importer(815301076,1909f56bfc062723c751e8b465ee728b)  -> (artifact id: '8557d777d134578904c659b01e437d0d') in 0.019640 seconds
  Import took 0.023049 seconds .

========================================================================
Received Import Request.
  Time since last request: 0.522215 seconds.
  path: Assets/BayatGames/Free Platform Game Assets/Coin Animation/png/2x/image 6.png
  artifactKey: Guid(c925826c0552cf549a3f1123cae8db5b) Importer(815301076,1909f56bfc062723c751e8b465ee728b)
Start importing Assets/BayatGames/Free Platform Game Assets/Coin Animation/png/2x/image 6.png using Guid(c925826c0552cf549a3f1123cae8db5b) Importer(815301076,1909f56bfc062723c751e8b465ee728b)  -> (artifact id: '0eec89c4aa5c06d322e3059cd8a1097b') in 0.021857 seconds
  Import took 0.025440 seconds .

========================================================================
Received Import Request.
  Time since last request: 0.061826 seconds.
  path: Assets/BayatGames/Free Platform Game Assets/Coin Animation/png/2x/image 9.png
  artifactKey: Guid(3071611f52f355941ae108e3822562d3) Importer(815301076,1909f56bfc062723c751e8b465ee728b)
Start importing Assets/BayatGames/Free Platform Game Assets/Coin Animation/png/2x/image 9.png using Guid(3071611f52f355941ae108e3822562d3) Importer(815301076,1909f56bfc062723c751e8b465ee728b)  -> (artifact id: 'e2f09fd7adf5909705494f5f831fc26a') in 0.018678 seconds
  Import took 0.022064 seconds .

========================================================================
Received Import Request.
  Time since last request: 0.094351 seconds.
  path: Assets/BayatGames/Free Platform Game Assets/Coin Animation/png/2x/image 12.png
  artifactKey: Guid(6ffad87630735e04d83408305dcc75b5) Importer(815301076,1909f56bfc062723c751e8b465ee728b)
Start importing Assets/BayatGames/Free Platform Game Assets/Coin Animation/png/2x/image 12.png using Guid(6ffad87630735e04d83408305dcc75b5) Importer(815301076,1909f56bfc062723c751e8b465ee728b)  -> (artifact id: '8d51e9c197f5f7dbc585ac973e3f71a8') in 0.018055 seconds
  Import took 0.022031 seconds .

========================================================================
Received Import Request.
  Time since last request: 0.775769 seconds.
  path: Assets/BayatGames/Free Platform Game Assets/Tiles
  artifactKey: Guid(9967777a9fc49854c981eb9ebd1bb605) Importer(815301076,1909f56bfc062723c751e8b465ee728b)
Start importing Assets/BayatGames/Free Platform Game Assets/Tiles using Guid(9967777a9fc49854c981eb9ebd1bb605) Importer(815301076,1909f56bfc062723c751e8b465ee728b)  -> (artifact id: 'd51591b59ed37383e656f842f7eacd4b') in 0.010299 seconds
  Import took 0.013924 seconds .

========================================================================
Received Import Request.
  Time since last request: 58.972129 seconds.
  path: Assets/Animations/New Animation.anim
  artifactKey: Guid(c3f647a3ee355694ca9f70cab4be2334) Importer(815301076,1909f56bfc062723c751e8b465ee728b)
Start importing Assets/Animations/New Animation.anim using Guid(c3f647a3ee355694ca9f70cab4be2334) Importer(815301076,1909f56bfc062723c751e8b465ee728b)  -> (artifact id: '77a3fc6c60bb61365030336dedd8b0a8') in 0.012994 seconds
  Import took 0.016850 seconds .

========================================================================
Received Import Request.
  Time since last request: 14.573556 seconds.
  path: Assets/Animations/Coin Animation.anim
  artifactKey: Guid(c3f647a3ee355694ca9f70cab4be2334) Importer(815301076,1909f56bfc062723c751e8b465ee728b)
Start importing Assets/Animations/Coin Animation.anim using Guid(c3f647a3ee355694ca9f70cab4be2334) Importer(815301076,1909f56bfc062723c751e8b465ee728b)  -> (artifact id: 'd195b58dd820c77a0a6408d30da05415') in 0.010910 seconds
  Import took 0.014148 seconds .

========================================================================
Received Import Request.
  Time since last request: 1.883472 seconds.
  path: Assets/Animations/image 1.controller
  artifactKey: Guid(5b95e75590a73264888074cbc5b36cb8) Importer(815301076,1909f56bfc062723c751e8b465ee728b)
Start importing Assets/Animations/image 1.controller using Guid(5b95e75590a73264888074cbc5b36cb8) Importer(815301076,1909f56bfc062723c751e8b465ee728b)  -> (artifact id: '745030d7c40935cee1895a43a12cef0a') in 0.007175 seconds
  Import took 0.011089 seconds .

========================================================================
Received Import Request.
  Time since last request: 49.854390 seconds.
  path: Assets/Animations
  artifactKey: Guid(b7dbf2fa9becec64ea8768d110b9229d) Importer(815301076,1909f56bfc062723c751e8b465ee728b)
Start importing Assets/Animations using Guid(b7dbf2fa9becec64ea8768d110b9229d) Importer(815301076,1909f56bfc062723c751e8b465ee728b)  -> (artifact id: '2ff5ecd7aa9a6ddc42a1ccdfb8af89c1') in 0.010779 seconds
  Import took 0.014254 seconds .

========================================================================
Received Import Request.
  Time since last request: 0.001013 seconds.
  path: Assets/Animations
  artifactKey: Guid(b7dbf2fa9becec64ea8768d110b9229d) Importer(815301076,1909f56bfc062723c751e8b465ee728b)
Start importing Assets/Animations using Guid(b7dbf2fa9becec64ea8768d110b9229d) Importer(815301076,1909f56bfc062723c751e8b465ee728b)  -> (artifact id: '2ff5ecd7aa9a6ddc42a1ccdfb8af89c1') in 0.003709 seconds
  Import took 0.007060 seconds .

========================================================================
Received Import Request.
  Time since last request: 239.364173 seconds.
  path: Assets/Animations/Coin_Animator.controller
  artifactKey: Guid(5b95e75590a73264888074cbc5b36cb8) Importer(815301076,1909f56bfc062723c751e8b465ee728b)
Start importing Assets/Animations/Coin_Animator.controller using Guid(5b95e75590a73264888074cbc5b36cb8) Importer(815301076,1909f56bfc062723c751e8b465ee728b)  -> (artifact id: 'b1fe507daafcc1935388f2359afdb79c') in 0.011261 seconds
  Import took 0.015675 seconds .

========================================================================
Received Import Request.
  Time since last request: 1.358596 seconds.
  path: Assets/Animations/Coin Animation.anim
  artifactKey: Guid(c3f647a3ee355694ca9f70cab4be2334) Importer(815301076,1909f56bfc062723c751e8b465ee728b)
Start importing Assets/Animations/Coin Animation.anim using Guid(c3f647a3ee355694ca9f70cab4be2334) Importer(815301076,1909f56bfc062723c751e8b465ee728b)  -> (artifact id: 'b21ac5b0ae172ec6d04cf1baefe2ec18') in 0.005022 seconds
  Import took 0.008578 seconds .

========================================================================
Received Import Request.
  Time since last request: 9.553175 seconds.
  path: Assets/Animations/Coin_Animation.anim
  artifactKey: Guid(c3f647a3ee355694ca9f70cab4be2334) Importer(815301076,1909f56bfc062723c751e8b465ee728b)
Start importing Assets/Animations/Coin_Animation.anim using Guid(c3f647a3ee355694ca9f70cab4be2334) Importer(815301076,1909f56bfc062723c751e8b465ee728b)  -> (artifact id: '4552f1076d2980e23054dc82fc73c779') in 0.010843 seconds
  Import took 0.014973 seconds .

========================================================================
Received Import Request.
  Time since last request: 137.318369 seconds.
  path: Assets/BayatGames/Free Platform Game Assets/Coin Animation/png/2x/image 3.png
  artifactKey: Guid(01f2715068a32f44a99ba474fbf74cdf) Importer(815301076,1909f56bfc062723c751e8b465ee728b)
Start importing Assets/BayatGames/Free Platform Game Assets/Coin Animation/png/2x/image 3.png using Guid(01f2715068a32f44a99ba474fbf74cdf) Importer(815301076,1909f56bfc062723c751e8b465ee728b)  -> (artifact id: '26a1a747c36b0408663aac2f88d9e565') in 0.052413 seconds
  Import took 0.056906 seconds .

========================================================================
Received Import Request.
  Time since last request: 0.000239 seconds.
  path: Assets/BayatGames/Free Platform Game Assets/Coin Animation/png/2x/image 13.png
  artifactKey: Guid(4188406557eaca0488459eba94278250) Importer(815301076,1909f56bfc062723c751e8b465ee728b)
Start importing Assets/BayatGames/Free Platform Game Assets/Coin Animation/png/2x/image 13.png using Guid(4188406557eaca0488459eba94278250) Importer(815301076,1909f56bfc062723c751e8b465ee728b)  -> (artifact id: '6622fcb72ea197168e0e56c23e8d9cde') in 0.025006 seconds
  Import took 0.029795 seconds .

========================================================================
Received Import Request.
  Time since last request: 0.000247 seconds.
  path: Assets/BayatGames/Free Platform Game Assets/Coin Animation/png/2x/image 11.png
  artifactKey: Guid(08e82f56b6f8f9e4da39977182df7f39) Importer(815301076,1909f56bfc062723c751e8b465ee728b)
Start importing Assets/BayatGames/Free Platform Game Assets/Coin Animation/png/2x/image 11.png using Guid(08e82f56b6f8f9e4da39977182df7f39) Importer(815301076,1909f56bfc062723c751e8b465ee728b)  -> (artifact id: '8aacd46e7b26141a83c942b6f7b1b9e8') in 0.020645 seconds
  Import took 0.024696 seconds .

========================================================================
Received Import Request.
  Time since last request: 0.000236 seconds.
  path: Assets/BayatGames/Free Platform Game Assets/Coin Animation/png/2x/image 5.png
  artifactKey: Guid(93932efaf072000449ce4c111911cfe3) Importer(815301076,1909f56bfc062723c751e8b465ee728b)
Start importing Assets/BayatGames/Free Platform Game Assets/Coin Animation/png/2x/image 5.png using Guid(93932efaf072000449ce4c111911cfe3) Importer(815301076,1909f56bfc062723c751e8b465ee728b)  -> (artifact id: '1ffb92acfbdae577234fb4e9f52a49fe') in 0.019041 seconds
  Import took 0.022530 seconds .

========================================================================
Received Import Request.
  Time since last request: 0.000256 seconds.
  path: Assets/BayatGames/Free Platform Game Assets/Coin Animation/png/2x/image 14.png
  artifactKey: Guid(7471dc94b1670e54b8f926859686caa1) Importer(815301076,1909f56bfc062723c751e8b465ee728b)
Start importing Assets/BayatGames/Free Platform Game Assets/Coin Animation/png/2x/image 14.png using Guid(7471dc94b1670e54b8f926859686caa1) Importer(815301076,1909f56bfc062723c751e8b465ee728b)  -> (artifact id: '27dbbe3446388434e46ae22103243517') in 0.027163 seconds
  Import took 0.031089 seconds .

========================================================================
Received Import Request.
  Time since last request: 0.000221 seconds.
  path: Assets/BayatGames/Free Platform Game Assets/Coin Animation/png/2x/image 10.png
  artifactKey: Guid(bfdb508608e20c14a84a06ee5d00795b) Importer(815301076,1909f56bfc062723c751e8b465ee728b)
Start importing Assets/BayatGames/Free Platform Game Assets/Coin Animation/png/2x/image 10.png using Guid(bfdb508608e20c14a84a06ee5d00795b) Importer(815301076,1909f56bfc062723c751e8b465ee728b)  -> (artifact id: '0ec9f55676cc9131bbf70c1cf9cbe1fb') in 0.026247 seconds
  Import took 0.030601 seconds .

========================================================================
Received Import Request.
  Time since last request: 0.000285 seconds.
  path: Assets/BayatGames/Free Platform Game Assets/Coin Animation/png/2x/image 8.png
  artifactKey: Guid(39bf764a4d5181d4ea6477506162098e) Importer(815301076,1909f56bfc062723c751e8b465ee728b)
Start importing Assets/BayatGames/Free Platform Game Assets/Coin Animation/png/2x/image 8.png using Guid(39bf764a4d5181d4ea6477506162098e) Importer(815301076,1909f56bfc062723c751e8b465ee728b)  -> (artifact id: '7ecf58f234ea40d90dbc8815f5b34da4') in 0.022041 seconds
  Import took 0.026213 seconds .

========================================================================
Received Import Request.
  Time since last request: 0.000233 seconds.
  path: Assets/BayatGames/Free Platform Game Assets/Coin Animation/png/2x/image 7.png
  artifactKey: Guid(01139edbf108bde4aa26ebc3d05c3025) Importer(815301076,1909f56bfc062723c751e8b465ee728b)
Start importing Assets/BayatGames/Free Platform Game Assets/Coin Animation/png/2x/image 7.png using Guid(01139edbf108bde4aa26ebc3d05c3025) Importer(815301076,1909f56bfc062723c751e8b465ee728b)  -> (artifact id: '9000c5a1b45433031bc0d002dbb0331b') in 0.027827 seconds
  Import took 0.032123 seconds .

========================================================================
Received Import Request.
  Time since last request: 0.000302 seconds.
  path: Assets/BayatGames/Free Platform Game Assets/Coin Animation/png/2x/image 3.png
  artifactKey: Guid(01f2715068a32f44a99ba474fbf74cdf) Importer(815301076,1909f56bfc062723c751e8b465ee728b)
Start importing Assets/BayatGames/Free Platform Game Assets/Coin Animation/png/2x/image 3.png using Guid(01f2715068a32f44a99ba474fbf74cdf) Importer(815301076,1909f56bfc062723c751e8b465ee728b)  -> (artifact id: '26a1a747c36b0408663aac2f88d9e565') in 0.016326 seconds
  Import took 0.020080 seconds .

========================================================================
Received Import Request.
  Time since last request: 0.000267 seconds.
  path: Assets/BayatGames/Free Platform Game Assets/Coin Animation/png/2x/image 16.png
  artifactKey: Guid(570f426f740c2c5499e2f9670c12598a) Importer(815301076,1909f56bfc062723c751e8b465ee728b)
Start importing Assets/BayatGames/Free Platform Game Assets/Coin Animation/png/2x/image 16.png using Guid(570f426f740c2c5499e2f9670c12598a) Importer(815301076,1909f56bfc062723c751e8b465ee728b)  -> (artifact id: 'd493421f7ad22cab11a3030c2fc48c8b') in 0.023997 seconds
  Import took 0.027615 seconds .

========================================================================
Received Import Request.
  Time since last request: 0.000252 seconds.
  path: Assets/BayatGames/Free Platform Game Assets/Coin Animation/png/2x/image 15.png
  artifactKey: Guid(27f6b32c91a50ae4088361bfd738dd14) Importer(815301076,1909f56bfc062723c751e8b465ee728b)
Start importing Assets/BayatGames/Free Platform Game Assets/Coin Animation/png/2x/image 15.png using Guid(27f6b32c91a50ae4088361bfd738dd14) Importer(815301076,1909f56bfc062723c751e8b465ee728b)  -> (artifact id: '1024235992ce42a78b6a653aaecb523c') in 0.020401 seconds
  Import took 0.024763 seconds .

========================================================================
Received Import Request.
  Time since last request: 0.006922 seconds.
  path: Assets/BayatGames/Free Platform Game Assets/Coin Animation/png/2x/image 16.png
  artifactKey: Guid(570f426f740c2c5499e2f9670c12598a) Importer(815301076,1909f56bfc062723c751e8b465ee728b)
Start importing Assets/BayatGames/Free Platform Game Assets/Coin Animation/png/2x/image 16.png using Guid(570f426f740c2c5499e2f9670c12598a) Importer(815301076,1909f56bfc062723c751e8b465ee728b)  -> (artifact id: 'd493421f7ad22cab11a3030c2fc48c8b') in 0.022765 seconds
  Import took 0.027165 seconds .

========================================================================
Received Prepare
Registering precompiled user dll's ...
Registered in 0.001430 seconds.
Begin MonoManager ReloadAssembly
Native extension for WindowsStandalone target not found
Refreshing native plugins compatible for Editor in 0.83 ms, found 1 plugins.
Preloading 0 native plugins for Editor in 0.00 ms.
Mono: successfully reloaded assembly
- Completed reload, in  1.012 seconds
Platform modules already initialized, skipping
Refreshing native plugins compatible for Editor in 0.56 ms, found 1 plugins.
Preloading 0 native plugins for Editor in 0.00 ms.
Unloading 1803 Unused Serialized files (Serialized files now loaded: 0)
System memory in use before: 88.2 MB.
System memory in use after: 88.2 MB.

Unloading 13 unused Assets to reduce memory usage. Loaded Objects now: 2278.
Total: 2.795000 ms (FindLiveObjects: 0.241700 ms CreateObjectMapping: 0.053100 ms MarkObjects: 2.345900 ms  DeleteObjects: 0.152200 ms)

========================================================================
Received Prepare
Registering precompiled user dll's ...
Registered in 0.002204 seconds.
Begin MonoManager ReloadAssembly
Native extension for WindowsStandalone target not found
Refreshing native plugins compatible for Editor in 0.57 ms, found 1 plugins.
Preloading 0 native plugins for Editor in 0.00 ms.
Mono: successfully reloaded assembly
- Completed reload, in  1.026 seconds
Platform modules already initialized, skipping
Refreshing native plugins compatible for Editor in 0.64 ms, found 1 plugins.
Preloading 0 native plugins for Editor in 0.00 ms.
Unloading 1803 Unused Serialized files (Serialized files now loaded: 0)
System memory in use before: 88.3 MB.
System memory in use after: 88.2 MB.

Unloading 12 unused Assets to reduce memory usage. Loaded Objects now: 2282.
Total: 2.929400 ms (FindLiveObjects: 0.242100 ms CreateObjectMapping: 0.050700 ms MarkObjects: 2.480200 ms  DeleteObjects: 0.154300 ms)

========================================================================
Received Prepare
Registering precompiled user dll's ...
Registered in 0.001781 seconds.
Begin MonoManager ReloadAssembly
Native extension for WindowsStandalone target not found
Refreshing native plugins compatible for Editor in 0.58 ms, found 1 plugins.
Preloading 0 native plugins for Editor in 0.00 ms.
Mono: successfully reloaded assembly
- Completed reload, in  0.989 seconds
Platform modules already initialized, skipping
Refreshing native plugins compatible for Editor in 0.56 ms, found 1 plugins.
Preloading 0 native plugins for Editor in 0.00 ms.
Unloading 1803 Unused Serialized files (Serialized files now loaded: 0)
System memory in use before: 88.3 MB.
System memory in use after: 88.3 MB.

Unloading 12 unused Assets to reduce memory usage. Loaded Objects now: 2286.
Total: 2.969600 ms (FindLiveObjects: 0.256700 ms CreateObjectMapping: 0.065400 ms MarkObjects: 2.490100 ms  DeleteObjects: 0.155600 ms)

========================================================================
Received Import Request.
  Time since last request: 810.848672 seconds.
  path: Assets/BayatGames/Free Platform Game Assets/Backgrounds/New Background ( Update 1.7 )/png/1920x1080
  artifactKey: Guid(110ec1b55ce43a04eb506d040e16ac02) Importer(815301076,1909f56bfc062723c751e8b465ee728b)
Start importing Assets/BayatGames/Free Platform Game Assets/Backgrounds/New Background ( Update 1.7 )/png/1920x1080 using Guid(110ec1b55ce43a04eb506d040e16ac02) Importer(815301076,1909f56bfc062723c751e8b465ee728b)  -> (artifact id: 'a93a2d7a434cff5b62dad247e1581eec') in 0.014739 seconds
  Import took 0.018577 seconds .

========================================================================
Received Import Request.
  Time since last request: 4.498425 seconds.
  path: Assets/BayatGames/Free Platform Game Assets/Backgrounds/New Background ( Update 1.7 )/png/1920x1080/All/Hills_1.png
  artifactKey: Guid(6a8b51cdd8e120344944f6b024231653) Importer(815301076,1909f56bfc062723c751e8b465ee728b)
Start importing Assets/BayatGames/Free Platform Game Assets/Backgrounds/New Background ( Update 1.7 )/png/1920x1080/All/Hills_1.png using Guid(6a8b51cdd8e120344944f6b024231653) Importer(815301076,1909f56bfc062723c751e8b465ee728b)  -> (artifact id: '0529c1455dbf46d437b9f99f0b8b606b') in 0.066705 seconds
  Import took 0.069859 seconds .

========================================================================
Received Import Request.
  Time since last request: 38.642644 seconds.
  path: Assets/BayatGames/Free Platform Game Assets/Backgrounds/New Background ( Update 1.7 )/png/1920x1080/All/Hills_2.png
  artifactKey: Guid(55afc4e7a9339724895f7d6841b1acac) Importer(815301076,1909f56bfc062723c751e8b465ee728b)
Start importing Assets/BayatGames/Free Platform Game Assets/Backgrounds/New Background ( Update 1.7 )/png/1920x1080/All/Hills_2.png using Guid(55afc4e7a9339724895f7d6841b1acac) Importer(815301076,1909f56bfc062723c751e8b465ee728b)  -> (artifact id: '84961ff0b1b41029e0e0959669dd8c3f') in 0.020889 seconds
  Import took 0.024742 seconds .

========================================================================
Received Import Request.
  Time since last request: 81.876835 seconds.
  path: Assets/snow Platform pallette.prefab
  artifactKey: Guid(4b0cd6f1670261c44a7bac71f4176bb0) Importer(815301076,1909f56bfc062723c751e8b465ee728b)
Start importing Assets/snow Platform pallette.prefab using Guid(4b0cd6f1670261c44a7bac71f4176bb0) Importer(815301076,1909f56bfc062723c751e8b465ee728b)  -> (artifact id: '1d81c75605f317443ca7c9aad6b47e34') in 0.024452 seconds
  Import took 0.028110 seconds .

========================================================================
Received Import Request.
  Time since last request: 0.002022 seconds.
  path: Assets/snow Platform pallette.prefab
  artifactKey: Guid(4b0cd6f1670261c44a7bac71f4176bb0) Importer(815301076,1909f56bfc062723c751e8b465ee728b)
Start importing Assets/snow Platform pallette.prefab using Guid(4b0cd6f1670261c44a7bac71f4176bb0) Importer(815301076,1909f56bfc062723c751e8b465ee728b)  -> (artifact id: '1d81c75605f317443ca7c9aad6b47e34') in 0.006136 seconds
  Import took 0.011221 seconds .

========================================================================
Received Import Request.
  Time since last request: 67.407904 seconds.
  path: Assets/BayatGames/Free Platform Game Assets/Backgrounds/Background/png/2048x1536
  artifactKey: Guid(70adca9458902ca42a555ce516141296) Importer(815301076,1909f56bfc062723c751e8b465ee728b)
Start importing Assets/BayatGames/Free Platform Game Assets/Backgrounds/Background/png/2048x1536 using Guid(70adca9458902ca42a555ce516141296) Importer(815301076,1909f56bfc062723c751e8b465ee728b)  -> (artifact id: '92bd6de2dcfeffa30399a9a1892f3771') in 0.009962 seconds
  Import took 0.013089 seconds .

========================================================================
Received Import Request.
  Time since last request: 219.238371 seconds.
  path: Assets/BayatGames/Free Platform Game Assets/Tiles/2D Tiles ( Update 1.9 )/Winter/512x512
  artifactKey: Guid(64d55ac622a295b4e9f6c885174088b1) Importer(815301076,1909f56bfc062723c751e8b465ee728b)
Start importing Assets/BayatGames/Free Platform Game Assets/Tiles/2D Tiles ( Update 1.9 )/Winter/512x512 using Guid(64d55ac622a295b4e9f6c885174088b1) Importer(815301076,1909f56bfc062723c751e8b465ee728b)  -> (artifact id: 'e48beb3693dd92c74314d6668bc5f16b') in 0.010873 seconds
  Import took 0.014871 seconds .

========================================================================
Received Import Request.
  Time since last request: 0.000728 seconds.
  path: Assets/BayatGames/Free Platform Game Assets/Tiles/2D Tiles ( Update 1.9 )/Winter/512x512
  artifactKey: Guid(64d55ac622a295b4e9f6c885174088b1) Importer(815301076,1909f56bfc062723c751e8b465ee728b)
Start importing Assets/BayatGames/Free Platform Game Assets/Tiles/2D Tiles ( Update 1.9 )/Winter/512x512 using Guid(64d55ac622a295b4e9f6c885174088b1) Importer(815301076,1909f56bfc062723c751e8b465ee728b)  -> (artifact id: 'e48beb3693dd92c74314d6668bc5f16b') in 0.004708 seconds
  Import took 0.008069 seconds .

========================================================================
Received Import Request.
  Time since last request: 7.241274 seconds.
  path: Assets/BayatGames/Free Platform Game Assets/Tiles/2D Tiles ( Update 1.9 )/Winter/256x256
  artifactKey: Guid(6c707e7b424db1546b9f204ecba8845b) Importer(815301076,1909f56bfc062723c751e8b465ee728b)
Start importing Assets/BayatGames/Free Platform Game Assets/Tiles/2D Tiles ( Update 1.9 )/Winter/256x256 using Guid(6c707e7b424db1546b9f204ecba8845b) Importer(815301076,1909f56bfc062723c751e8b465ee728b)  -> (artifact id: '2e6a2e6ec95c22a5e22ebd6bf6b994f0') in 0.011143 seconds
  Import took 0.015062 seconds .

========================================================================
Received Import Request.
  Time since last request: 57.207802 seconds.
  path: Assets/Pallettes/Snow Platform Pallette.prefab
  artifactKey: Guid(631d4a206d16d5b4d8368522172568c4) Importer(815301076,1909f56bfc062723c751e8b465ee728b)
Start importing Assets/Pallettes/Snow Platform Pallette.prefab using Guid(631d4a206d16d5b4d8368522172568c4) Importer(815301076,1909f56bfc062723c751e8b465ee728b)  -> (artifact id: '271cded5bc9be7c5b89d4d3a01cece24') in 0.013292 seconds
  Import took 0.017226 seconds .

========================================================================
Received Import Request.
  Time since last request: 4.008735 seconds.
  path: Assets/Pallettes/Hills_1.asset
  artifactKey: Guid(a3230a2a60bbbd04fa738b8408613d8b) Importer(815301076,1909f56bfc062723c751e8b465ee728b)
Start importing Assets/Pallettes/Hills_1.asset using Guid(a3230a2a60bbbd04fa738b8408613d8b) Importer(815301076,1909f56bfc062723c751e8b465ee728b)  -> (artifact id: '03a1bb548e0e7e596ec87dbf942d6824') in 0.037653 seconds
  Import took 0.041507 seconds .

========================================================================
Received Import Request.
  Time since last request: 56.329170 seconds.
  path: Assets/BayatGames/Free Platform Game Assets/Tiles/2D Tiles ( Update 1.9 )/Winter/128x128/Grass.png
  artifactKey: Guid(aa82648aa0be37c4b85d937285dfcf56) Importer(815301076,1909f56bfc062723c751e8b465ee728b)
Start importing Assets/BayatGames/Free Platform Game Assets/Tiles/2D Tiles ( Update 1.9 )/Winter/128x128/Grass.png using Guid(aa82648aa0be37c4b85d937285dfcf56) Importer(815301076,1909f56bfc062723c751e8b465ee728b)  -> (artifact id: '6e3cd62df292425e883cd1d49c628ec6') in 0.018468 seconds
  Import took 0.021979 seconds .

========================================================================
Received Import Request.
  Time since last request: 0.289925 seconds.
  path: Assets/BayatGames/Free Platform Game Assets/Tiles/2D Tiles ( Update 1.9 )/Winter/128x128/GrassCliffLeft.png
  artifactKey: Guid(595a4379816455e409d18ea6587a205a) Importer(815301076,1909f56bfc062723c751e8b465ee728b)
Start importing Assets/BayatGames/Free Platform Game Assets/Tiles/2D Tiles ( Update 1.9 )/Winter/128x128/GrassCliffLeft.png using Guid(595a4379816455e409d18ea6587a205a) Importer(815301076,1909f56bfc062723c751e8b465ee728b)  -> (artifact id: '3287d23059bf0806ee30fa18dc131e7b') in 0.017147 seconds
  Import took 0.021101 seconds .

========================================================================
Received Import Request.
  Time since last request: 0.753166 seconds.
  path: Assets/BayatGames/Free Platform Game Assets/Tiles/2D Tiles ( Update 1.9 )/Winter/128x128/GrassCliffRight.png
  artifactKey: Guid(e2a8735a67725e346a9574fc2f8285f8) Importer(815301076,1909f56bfc062723c751e8b465ee728b)
Start importing Assets/BayatGames/Free Platform Game Assets/Tiles/2D Tiles ( Update 1.9 )/Winter/128x128/GrassCliffRight.png using Guid(e2a8735a67725e346a9574fc2f8285f8) Importer(815301076,1909f56bfc062723c751e8b465ee728b)  -> (artifact id: '08310b527acbca73c77a2317b6beec1f') in 0.016351 seconds
  Import took 0.020362 seconds .

========================================================================
Received Import Request.
  Time since last request: 1.094022 seconds.
  path: Assets/BayatGames/Free Platform Game Assets/Tiles/2D Tiles ( Update 1.9 )/Winter/128x128/GrassColumn.png
  artifactKey: Guid(373e54a92a405164b88b39325f108fc3) Importer(815301076,1909f56bfc062723c751e8b465ee728b)
Start importing Assets/BayatGames/Free Platform Game Assets/Tiles/2D Tiles ( Update 1.9 )/Winter/128x128/GrassColumn.png using Guid(373e54a92a405164b88b39325f108fc3) Importer(815301076,1909f56bfc062723c751e8b465ee728b)  -> (artifact id: '61eff3edb8d92913ea5af232ec6162f1') in 0.018771 seconds
  Import took 0.022474 seconds .

========================================================================
Received Import Request.
  Time since last request: 1.944249 seconds.
  path: Assets/BayatGames/Free Platform Game Assets/Tiles/2D Tiles ( Update 1.9 )/Winter/128x128/GrassJoinHillLeft&Right.png
  artifactKey: Guid(b703ad5fec566d04d9f03a5589c654cf) Importer(815301076,1909f56bfc062723c751e8b465ee728b)
Start importing Assets/BayatGames/Free Platform Game Assets/Tiles/2D Tiles ( Update 1.9 )/Winter/128x128/GrassJoinHillLeft&Right.png using Guid(b703ad5fec566d04d9f03a5589c654cf) Importer(815301076,1909f56bfc062723c751e8b465ee728b)  -> (artifact id: 'cfc7f4b2e96331f4ad4b5b8a2b78d90b') in 0.019131 seconds
  Import took 0.023241 seconds .

========================================================================
Received Import Request.
  Time since last request: 84.784047 seconds.
  path: Assets/BayatGames/Free Platform Game Assets/Tiles/2D Tiles ( Update 1.9 )/Winter/128x128
  artifactKey: Guid(1beb80f8bcea5064c8f4d2384cdc667c) Importer(815301076,1909f56bfc062723c751e8b465ee728b)
Start importing Assets/BayatGames/Free Platform Game Assets/Tiles/2D Tiles ( Update 1.9 )/Winter/128x128 using Guid(1beb80f8bcea5064c8f4d2384cdc667c) Importer(815301076,1909f56bfc062723c751e8b465ee728b)  -> (artifact id: '9179f72ba2502bd0543c61812d1e1e12') in 0.013195 seconds
  Import took 0.016612 seconds .

========================================================================
Received Import Request.
  Time since last request: 177.897641 seconds.
  path: Assets/BayatGames/Free Platform Game Assets/Tiles/2.5D Tiles/Autumn ( Update 1.9 )/128x128
  artifactKey: Guid(9731f9baceb46a84095e69e8a95016d7) Importer(815301076,1909f56bfc062723c751e8b465ee728b)
Start importing Assets/BayatGames/Free Platform Game Assets/Tiles/2.5D Tiles/Autumn ( Update 1.9 )/128x128 using Guid(9731f9baceb46a84095e69e8a95016d7) Importer(815301076,1909f56bfc062723c751e8b465ee728b)  -> (artifact id: 'd17bd8dedbaf5f41fd0d9835b98ab662') in 0.005814 seconds
  Import took 0.009898 seconds .

========================================================================
Received Import Request.
  Time since last request: 1.271460 seconds.
  path: Assets/BayatGames/Free Platform Game Assets/Tiles/2.5D Tiles/Autumn ( Update 1.9 )/128x128/Grass.png
  artifactKey: Guid(75d5b927876d272458c64791858859b8) Importer(815301076,1909f56bfc062723c751e8b465ee728b)
Start importing Assets/BayatGames/Free Platform Game Assets/Tiles/2.5D Tiles/Autumn ( Update 1.9 )/128x128/Grass.png using Guid(75d5b927876d272458c64791858859b8) Importer(815301076,1909f56bfc062723c751e8b465ee728b)  -> (artifact id: '48c18e7667b50d798acddf7c0c509ac7') in 0.023398 seconds
  Import took 0.028206 seconds .

========================================================================
Received Import Request.
  Time since last request: 7.450583 seconds.
  path: Assets/BayatGames/Free Platform Game Assets/Tiles/2.5D Tiles/Winter ( Update 1.9 )/128x128/Grass.png
  artifactKey: Guid(440b176a7fc912c4fbfd6cd849c40e71) Importer(815301076,1909f56bfc062723c751e8b465ee728b)
Start importing Assets/BayatGames/Free Platform Game Assets/Tiles/2.5D Tiles/Winter ( Update 1.9 )/128x128/Grass.png using Guid(440b176a7fc912c4fbfd6cd849c40e71) Importer(815301076,1909f56bfc062723c751e8b465ee728b)  -> (artifact id: '43830d5d6943da7294c4041a97ff49af') in 0.016710 seconds
  Import took 0.020803 seconds .

AssetImportWorkerClient::OnTransportError - code=2 error=End of file
