Using pre-set license
Built from '2020.3/staging' branch; Version is '2020.3.9f1 (108be757e447) revision 1084391'; Using compiler version '192528614'; Build Type 'Release'
OS: 'Windows 10 Home Single Language; OS build 19042.985; Version 2009; 64bit' Language: 'en' Physical Memory: 16191 MB
BatchMode: 1, IsHumanControllingUs: 0, StartBugReporterOnCrash: 0, Is64bit: 1, IsPro: 0

 COMMAND LINE ARGUMENTS:
C:\Program Files\Unity\Hub\Editor\2020.3.9f1\Editor\Unity.exe
-adb2
-batchMode
-noUpm
-name
AssetImportWorker0
-projectPath
C:/Users/Abhijit/Projects/public_projects/GTA_Replica_URP_2
-logFile
Logs/AssetImportWorker0.log
-srvPort
57377
Successfully changed project path to: C:/Users/Abhijit/Projects/public_projects/GTA_Replica_URP_2
C:/Users/Abhijit/Projects/public_projects/GTA_Replica_URP_2
Using Asset Import Pipeline V2.
Refreshing native plugins compatible for Editor in 64.33 ms, found 0 plugins.
Preloading 0 native plugins for Editor in 0.00 ms.
Initialize engine version: 2020.3.9f1 (108be757e447)
[Subsystems] Discovering subsystems at path C:/Program Files/Unity/Hub/Editor/2020.3.9f1/Editor/Data/Resources/UnitySubsystems
[Subsystems] Discovering subsystems at path C:/Users/Abhijit/Projects/public_projects/GTA_Replica_URP_2/Assets
GfxDevice: creating device client; threaded=0
Direct3D:
    Version:  Direct3D 11.0 [level 11.1]
    Renderer: AMD Radeon(TM) RX Vega 10 Graphics (ID=0x15d8)
    Vendor:   
    VRAM:     8095 MB
    Driver:   27.20.1032.2
Initialize mono
Mono path[0] = 'C:/Program Files/Unity/Hub/Editor/2020.3.9f1/Editor/Data/Managed'
Mono path[1] = 'C:/Program Files/Unity/Hub/Editor/2020.3.9f1/Editor/Data/MonoBleedingEdge/lib/mono/unityjit'
Mono config path = 'C:/Program Files/Unity/Hub/Editor/2020.3.9f1/Editor/Data/MonoBleedingEdge/etc'
Using monoOptions --debugger-agent=transport=dt_socket,embedding=1,server=y,suspend=n,address=127.0.0.1:56128
Begin MonoManager ReloadAssembly
Registering precompiled unity dll's ...
Register platform support module: C:/Program Files/Unity/Hub/Editor/2020.3.9f1/Editor/Data/PlaybackEngines/WindowsStandaloneSupport/UnityEditor.WindowsStandalone.Extensions.dll
Registered in 0.005319 seconds.
Native extension for WindowsStandalone target not found
Refreshing native plugins compatible for Editor in 71.44 ms, found 0 plugins.
Preloading 0 native plugins for Editor in 0.00 ms.
Mono: successfully reloaded assembly
- Completed reload, in  3.500 seconds
Platform modules already initialized, skipping
Registering precompiled user dll's ...
Registered in 0.004378 seconds.
Begin MonoManager ReloadAssembly
Native extension for WindowsStandalone target not found
Refreshing native plugins compatible for Editor in 97.50 ms, found 0 plugins.
Preloading 0 native plugins for Editor in 0.00 ms.
Mono: successfully reloaded assembly
- Completed reload, in  2.077 seconds
Platform modules already initialized, skipping
========================================================================
Worker process is ready to serve import requests
Shader 'Universal Render Pipeline/Particles/Lit': fallback shader 'Universal Render Pipeline/Particles/SimpleLit' not found
Shader 'Universal Render Pipeline/Particles/Lit': fallback shader 'Universal Render Pipeline/Particles/SimpleLit' not found
Launched and connected shader compiler UnityShaderCompiler.exe after 0.08 seconds
Refreshing native plugins compatible for Editor in 0.98 ms, found 0 plugins.
Preloading 0 native plugins for Editor in 0.00 ms.
Unloading 2446 Unused Serialized files (Serialized files now loaded: 0)
System memory in use before: 114.8 MB.
System memory in use after: 112.0 MB.

Unloading 45 unused Assets to reduce memory usage. Loaded Objects now: 2854.
Total: 6.494300 ms (FindLiveObjects: 0.449700 ms CreateObjectMapping: 0.165900 ms MarkObjects: 3.866200 ms  DeleteObjects: 2.009100 ms)

========================================================================
Received Import Request.
  path: Assets/Scenes/Level_sample.unity
  artifactKey: Guid(6b59df669dc3c7c45a5f40c4ca6919b3) Importer(815301076,1909f56bfc062723c751e8b465ee728b)
Start importing Assets/Scenes/Level_sample.unity using Guid(6b59df669dc3c7c45a5f40c4ca6919b3) Importer(815301076,1909f56bfc062723c751e8b465ee728b)  -> (artifact id: '6c8aaf65747c26a06e4be13b76e5a2b5') in 0.036733 seconds
  Import took 0.044047 seconds .

========================================================================
Received Import Request.
  Time since last request: 0.000232 seconds.
  path: Assets/Scenes
  artifactKey: Guid(faa23ca625cbf724f9a51037680b010d) Importer(815301076,1909f56bfc062723c751e8b465ee728b)
Start importing Assets/Scenes using Guid(faa23ca625cbf724f9a51037680b010d) Importer(815301076,1909f56bfc062723c751e8b465ee728b)  -> (artifact id: '8ae67bb49e6e070d5f4a77bc59f79da6') in 0.011495 seconds
  Import took 0.018313 seconds .

========================================================================
Received Import Request.
  Time since last request: 39.110326 seconds.
  path: Assets/Player_anim.controller
  artifactKey: Guid(169057087ecad8944b6358a0041a1ea4) Importer(815301076,1909f56bfc062723c751e8b465ee728b)
Start importing Assets/Player_anim.controller using Guid(169057087ecad8944b6358a0041a1ea4) Importer(815301076,1909f56bfc062723c751e8b465ee728b)  -> (artifact id: 'fb5f83bb5bd324a545244f7fab093464') in 0.036203 seconds
  Import took 0.040518 seconds .

========================================================================
Received Import Request.
  Time since last request: 14.764684 seconds.
  path: Assets/Scripts
  artifactKey: Guid(02a3527b6b33a924e8ec66aa805ea717) Importer(815301076,1909f56bfc062723c751e8b465ee728b)
Start importing Assets/Scripts using Guid(02a3527b6b33a924e8ec66aa805ea717) Importer(815301076,1909f56bfc062723c751e8b465ee728b)  -> (artifact id: 'f0a913a0049096cde5d6a727232f232f') in 0.009385 seconds
  Import took 0.013913 seconds .

========================================================================
Received Import Request.
  Time since last request: 2.711066 seconds.
  path: Assets/Scripts/SimpleCameraController.cs
  artifactKey: Guid(be76e5f14cfee674cb30b491fb72b09b) Importer(815301076,1909f56bfc062723c751e8b465ee728b)
Start importing Assets/Scripts/SimpleCameraController.cs using Guid(be76e5f14cfee674cb30b491fb72b09b) Importer(815301076,1909f56bfc062723c751e8b465ee728b)  -> (artifact id: '22f43657664d19fbc476a42e0fad91a9') in 0.012662 seconds
  Import took 0.017186 seconds .

========================================================================
Received Import Request.
  Time since last request: 5.739126 seconds.
  path: Assets/ThirdPersonMovement.cs
  artifactKey: Guid(27c1ef9842d5145498fc1b4d4c68c7cb) Importer(815301076,1909f56bfc062723c751e8b465ee728b)
Start importing Assets/ThirdPersonMovement.cs using Guid(27c1ef9842d5145498fc1b4d4c68c7cb) Importer(815301076,1909f56bfc062723c751e8b465ee728b)  -> (artifact id: 'f5532e9d0eef1d3ca9960dcbd3dd366a') in 0.010617 seconds
  Import took 0.015226 seconds .

========================================================================
Received Import Request.
  Time since last request: 6.744976 seconds.
  path: Assets/Character
  artifactKey: Guid(23f72e6c790af9242926afed55bf2833) Importer(815301076,1909f56bfc062723c751e8b465ee728b)
Start importing Assets/Character using Guid(23f72e6c790af9242926afed55bf2833) Importer(815301076,1909f56bfc062723c751e8b465ee728b)  -> (artifact id: 'f7d6f02f387cc5b586ef542aa1b8431b') in 0.009927 seconds
  Import took 0.015029 seconds .

========================================================================
Received Import Request.
  Time since last request: 0.060187 seconds.
  path: Assets/Character/Ch44_nonPBR@Rifle Idle.fbx
  artifactKey: Guid(510d425fc9bda404bb80df342f93c959) Importer(815301076,1909f56bfc062723c751e8b465ee728b)
Start importing Assets/Character/Ch44_nonPBR@Rifle Idle.fbx using Guid(510d425fc9bda404bb80df342f93c959) Importer(815301076,1909f56bfc062723c751e8b465ee728b)  -> (artifact id: '87f8048ef5658ddf3c8cb620b8b59735') in 1.241589 seconds
  Import took 1.251481 seconds .

========================================================================
Received Import Request.
  Time since last request: 0.000234 seconds.
  path: Assets/Character/Ch44_nonPBR@Run Backward.fbx
  artifactKey: Guid(3a26c500b0c3a4c4490a216a4908bfce) Importer(815301076,1909f56bfc062723c751e8b465ee728b)
Start importing Assets/Character/Ch44_nonPBR@Run Backward.fbx using Guid(3a26c500b0c3a4c4490a216a4908bfce) Importer(815301076,1909f56bfc062723c751e8b465ee728b)  -> (artifact id: '884604d1e3609581b1f721ef0e9c86e6') in 0.170202 seconds
  Import took 0.181283 seconds .

========================================================================
Received Import Request.
  Time since last request: 0.000201 seconds.
  path: Assets/Character/Ch44_nonPBR@Sprint Forward.fbx
  artifactKey: Guid(362c87739c8ba80479c91722477e3eaa) Importer(815301076,1909f56bfc062723c751e8b465ee728b)
Start importing Assets/Character/Ch44_nonPBR@Sprint Forward.fbx using Guid(362c87739c8ba80479c91722477e3eaa) Importer(815301076,1909f56bfc062723c751e8b465ee728b)  -> (artifact id: 'ba4187933ed149661257a679ac4f5cb9') in 0.138393 seconds
  Import took 0.149940 seconds .

========================================================================
Received Import Request.
  Time since last request: 0.000241 seconds.
  path: Assets/Character/Ch44_nonPBR@Walk With Rifle.fbx
  artifactKey: Guid(2eeac56ca7fb6c8499a5901cd2dba1ee) Importer(815301076,1909f56bfc062723c751e8b465ee728b)
Start importing Assets/Character/Ch44_nonPBR@Walk With Rifle.fbx using Guid(2eeac56ca7fb6c8499a5901cd2dba1ee) Importer(815301076,1909f56bfc062723c751e8b465ee728b)  -> (artifact id: '3d8e51615cece31c303e054b7cb2e6e5') in 0.145068 seconds
  Import took 0.157339 seconds .

========================================================================
Received Prepare
Registering precompiled user dll's ...
Registered in 0.001853 seconds.
Begin MonoManager ReloadAssembly
Native extension for WindowsStandalone target not found
Refreshing native plugins compatible for Editor in 0.50 ms, found 0 plugins.
Preloading 0 native plugins for Editor in 0.00 ms.
Mono: successfully reloaded assembly
- Completed reload, in  1.077 seconds
Platform modules already initialized, skipping
Shader 'Universal Render Pipeline/Particles/Lit': fallback shader 'Universal Render Pipeline/Particles/SimpleLit' not found
Shader 'Universal Render Pipeline/Particles/Lit': fallback shader 'Universal Render Pipeline/Particles/SimpleLit' not found
Refreshing native plugins compatible for Editor in 0.53 ms, found 0 plugins.
Preloading 0 native plugins for Editor in 0.00 ms.
Unloading 2371 Unused Serialized files (Serialized files now loaded: 0)
System memory in use before: 130.4 MB.
System memory in use after: 127.7 MB.

Unloading 40 unused Assets to reduce memory usage. Loaded Objects now: 2939.
Total: 5.578200 ms (FindLiveObjects: 0.335500 ms CreateObjectMapping: 0.084100 ms MarkObjects: 3.202900 ms  DeleteObjects: 1.952700 ms)

========================================================================
Received Import Request.
  Time since last request: 32.796430 seconds.
  path: Assets/Character/Ch44_nonPBR@Walk With Rifle.fbx
  artifactKey: Guid(2eeac56ca7fb6c8499a5901cd2dba1ee) Importer(815301076,1909f56bfc062723c751e8b465ee728b)
Start importing Assets/Character/Ch44_nonPBR@Walk With Rifle.fbx using Guid(2eeac56ca7fb6c8499a5901cd2dba1ee) Importer(815301076,1909f56bfc062723c751e8b465ee728b)  -> (artifact id: 'b2de598107c4a85e49f2fbe2d052fbdb') in 0.341677 seconds
  Import took 0.353393 seconds .

========================================================================
Received Prepare
Registering precompiled user dll's ...
Registered in 0.001784 seconds.
Begin MonoManager ReloadAssembly
Native extension for WindowsStandalone target not found
Refreshing native plugins compatible for Editor in 0.50 ms, found 0 plugins.
Preloading 0 native plugins for Editor in 0.00 ms.
Mono: successfully reloaded assembly
- Completed reload, in  1.054 seconds
Platform modules already initialized, skipping
Shader 'Universal Render Pipeline/Particles/Lit': fallback shader 'Universal Render Pipeline/Particles/SimpleLit' not found
Shader 'Universal Render Pipeline/Particles/Lit': fallback shader 'Universal Render Pipeline/Particles/SimpleLit' not found
Refreshing native plugins compatible for Editor in 0.48 ms, found 0 plugins.
Preloading 0 native plugins for Editor in 0.00 ms.
Unloading 2371 Unused Serialized files (Serialized files now loaded: 0)
System memory in use before: 130.6 MB.
System memory in use after: 127.8 MB.

Unloading 40 unused Assets to reduce memory usage. Loaded Objects now: 2978.
Total: 5.281900 ms (FindLiveObjects: 0.330700 ms CreateObjectMapping: 0.082000 ms MarkObjects: 2.763100 ms  DeleteObjects: 2.103600 ms)

AssetImportWorkerClient::OnTransportError - code=2 error=End of file
