Using pre-set license
Built from '2020.3/staging' branch; Version is '2020.3.9f1 (108be757e447) revision 1084391'; Using compiler version '192528614'; Build Type 'Release'
OS: 'Windows 10 Home Single Language; OS build 19042.985; Version 2009; 64bit' Language: 'en' Physical Memory: 16191 MB
BatchMode: 1, IsHumanControllingUs: 0, StartBugReporterOnCrash: 0, Is64bit: 1, IsPro: 0

 COMMAND LINE ARGUMENTS:
C:\Program Files\Unity\Hub\Editor\2020.3.9f1\Editor\Unity.exe
-adb2
-batchMode
-noUpm
-name
AssetImportWorker0
-projectPath
C:/Users/Abhijit/Projects/public_projects/GTA_Replica_URP_2
-logFile
Logs/AssetImportWorker0.log
-srvPort
57438
Successfully changed project path to: C:/Users/Abhijit/Projects/public_projects/GTA_Replica_URP_2
C:/Users/Abhijit/Projects/public_projects/GTA_Replica_URP_2
Using Asset Import Pipeline V2.
Refreshing native plugins compatible for Editor in 55.14 ms, found 0 plugins.
Preloading 0 native plugins for Editor in 0.00 ms.
Initialize engine version: 2020.3.9f1 (108be757e447)
[Subsystems] Discovering subsystems at path C:/Program Files/Unity/Hub/Editor/2020.3.9f1/Editor/Data/Resources/UnitySubsystems
[Subsystems] Discovering subsystems at path C:/Users/Abhijit/Projects/public_projects/GTA_Replica_URP_2/Assets
GfxDevice: creating device client; threaded=0
Direct3D:
    Version:  Direct3D 11.0 [level 11.1]
    Renderer: AMD Radeon(TM) RX Vega 10 Graphics (ID=0x15d8)
    Vendor:   
    VRAM:     8095 MB
    Driver:   27.20.1032.2
Initialize mono
Mono path[0] = 'C:/Program Files/Unity/Hub/Editor/2020.3.9f1/Editor/Data/Managed'
Mono path[1] = 'C:/Program Files/Unity/Hub/Editor/2020.3.9f1/Editor/Data/MonoBleedingEdge/lib/mono/unityjit'
Mono config path = 'C:/Program Files/Unity/Hub/Editor/2020.3.9f1/Editor/Data/MonoBleedingEdge/etc'
Using monoOptions --debugger-agent=transport=dt_socket,embedding=1,server=y,suspend=n,address=127.0.0.1:56672
Begin MonoManager ReloadAssembly
Registering precompiled unity dll's ...
Register platform support module: C:/Program Files/Unity/Hub/Editor/2020.3.9f1/Editor/Data/PlaybackEngines/WindowsStandaloneSupport/UnityEditor.WindowsStandalone.Extensions.dll
Registered in 0.002621 seconds.
Native extension for WindowsStandalone target not found
Refreshing native plugins compatible for Editor in 56.88 ms, found 0 plugins.
Preloading 0 native plugins for Editor in 0.00 ms.
Mono: successfully reloaded assembly
- Completed reload, in  2.474 seconds
Platform modules already initialized, skipping
Registering precompiled user dll's ...
Registered in 0.002422 seconds.
Begin MonoManager ReloadAssembly
Native extension for WindowsStandalone target not found
Refreshing native plugins compatible for Editor in 52.67 ms, found 0 plugins.
Preloading 0 native plugins for Editor in 0.00 ms.
Mono: successfully reloaded assembly
- Completed reload, in  1.276 seconds
Platform modules already initialized, skipping
========================================================================
Worker process is ready to serve import requests
Shader 'Universal Render Pipeline/Particles/Lit': fallback shader 'Universal Render Pipeline/Particles/SimpleLit' not found
Shader 'Universal Render Pipeline/Particles/Lit': fallback shader 'Universal Render Pipeline/Particles/SimpleLit' not found
Launched and connected shader compiler UnityShaderCompiler.exe after 0.05 seconds
Refreshing native plugins compatible for Editor in 0.65 ms, found 0 plugins.
Preloading 0 native plugins for Editor in 0.00 ms.
Unloading 2593 Unused Serialized files (Serialized files now loaded: 0)
System memory in use before: 120.8 MB.
System memory in use after: 118.0 MB.

Unloading 46 unused Assets to reduce memory usage. Loaded Objects now: 3004.
Total: 5.110800 ms (FindLiveObjects: 0.320100 ms CreateObjectMapping: 0.080100 ms MarkObjects: 2.679800 ms  DeleteObjects: 2.028200 ms)

========================================================================
Received Import Request.
  path: Assets/A-Detonation/Modelo Scar-L/scar-lIIlA.fbx
  artifactKey: Guid(2c3499a930b25664489c160f38b7658a) Importer(815301076,1909f56bfc062723c751e8b465ee728b)
Start importing Assets/A-Detonation/Modelo Scar-L/scar-lIIlA.fbx using Guid(2c3499a930b25664489c160f38b7658a) Importer(815301076,1909f56bfc062723c751e8b465ee728b)  -> (artifact id: '16763c3da575d40d6f81f55cc8f8c19a') in 0.350563 seconds
  Import took 0.356471 seconds .

========================================================================
Received Import Request.
  Time since last request: 3.512281 seconds.
  path: Assets/A-Detonation
  artifactKey: Guid(e7c476e9884447143bca5c8b32c476c0) Importer(815301076,1909f56bfc062723c751e8b465ee728b)
Start importing Assets/A-Detonation using Guid(e7c476e9884447143bca5c8b32c476c0) Importer(815301076,1909f56bfc062723c751e8b465ee728b)  -> (artifact id: '35b9dc9c55bae3e9c1381566cb7e21c7') in 0.011261 seconds
  Import took 0.017186 seconds .

========================================================================
Received Import Request.
  Time since last request: 0.000478 seconds.
  path: Assets/A-Detonation
  artifactKey: Guid(e7c476e9884447143bca5c8b32c476c0) Importer(815301076,1909f56bfc062723c751e8b465ee728b)
Start importing Assets/A-Detonation using Guid(e7c476e9884447143bca5c8b32c476c0) Importer(815301076,1909f56bfc062723c751e8b465ee728b)  -> (artifact id: '35b9dc9c55bae3e9c1381566cb7e21c7') in 0.005708 seconds
  Import took 0.012490 seconds .

AssetImportWorkerClient::OnTransportError - code=2 error=End of file
